[02-Jul-2022 20:38:39 UTC] PHP Fatal error:  Uncaught Twig\Error\LoaderError: Unable to find template "base.twig" (looked into: C:\Users\Jeff\Local Sites\formassembly\app\public\wp-content\themes\formassembly, C:\Users\Jeff\Local Sites\formassembly\app\public\wp-content\themes\formassembly\dist\templates, C:\Users\Jeff\Local Sites\formassembly\app\public\wp-content\themes\formassembly\dist, ) in "index.twig" at line 1. in C:\Users\Jeff\Local Sites\formassembly\app\public\wp-content\plugins\timber-library\vendor\twig\twig\src\Loader\FilesystemLoader.php:265
Stack trace:
#0 C:\Users\Jeff\Local Sites\formassembly\app\public\wp-content\plugins\timber-library\vendor\twig\twig\src\Loader\FilesystemLoader.php(161): Twig\Loader\FilesystemLoader->findTemplate('base.twig')
#1 C:\Users\Jeff\Local Sites\formassembly\app\public\wp-content\plugins\timber-library\vendor\twig\twig\src\Environment.php(351): Twig\Loader\FilesystemLoader->getCacheKey('base.twig')
#2 C:\Users\Jeff\Local Sites\formassembly\app\public\wp-content\plugins\timber-library\vendor\twig\twig\src\En in C:\Users\Jeff\Local Sites\formassembly\app\public\wp-content\plugins\timber-library\vendor\twig\twig\src\Loader\FilesystemLoader.php on line 265
[02-Jul-2022 20:38:50 UTC] PHP Fatal error:  Uncaught Twig\Error\LoaderError: Unable to find template "base.twig" (looked into: C:\Users\Jeff\Local Sites\formassembly\app\public\wp-content\themes\formassembly, C:\Users\Jeff\Local Sites\formassembly\app\public\wp-content\themes\formassembly\dist\templates, C:\Users\Jeff\Local Sites\formassembly\app\public\wp-content\themes\formassembly\dist, ) in "index.twig" at line 1. in C:\Users\Jeff\Local Sites\formassembly\app\public\wp-content\plugins\timber-library\vendor\twig\twig\src\Loader\FilesystemLoader.php:265
Stack trace:
#0 C:\Users\Jeff\Local Sites\formassembly\app\public\wp-content\plugins\timber-library\vendor\twig\twig\src\Loader\FilesystemLoader.php(161): Twig\Loader\FilesystemLoader->findTemplate('base.twig')
#1 C:\Users\Jeff\Local Sites\formassembly\app\public\wp-content\plugins\timber-library\vendor\twig\twig\src\Environment.php(351): Twig\Loader\FilesystemLoader->getCacheKey('base.twig')
#2 C:\Users\Jeff\Local Sites\formassembly\app\public\wp-content\plugins\timber-library\vendor\twig\twig\src\En in C:\Users\Jeff\Local Sites\formassembly\app\public\wp-content\plugins\timber-library\vendor\twig\twig\src\Loader\FilesystemLoader.php on line 265
[02-Jul-2022 20:38:51 UTC] PHP Fatal error:  Uncaught Twig\Error\LoaderError: Unable to find template "base.twig" (looked into: C:\Users\Jeff\Local Sites\formassembly\app\public\wp-content\themes\formassembly, C:\Users\Jeff\Local Sites\formassembly\app\public\wp-content\themes\formassembly\dist\templates, C:\Users\Jeff\Local Sites\formassembly\app\public\wp-content\themes\formassembly\dist, ) in "index.twig" at line 1. in C:\Users\Jeff\Local Sites\formassembly\app\public\wp-content\plugins\timber-library\vendor\twig\twig\src\Loader\FilesystemLoader.php:265
Stack trace:
#0 C:\Users\Jeff\Local Sites\formassembly\app\public\wp-content\plugins\timber-library\vendor\twig\twig\src\Loader\FilesystemLoader.php(161): Twig\Loader\FilesystemLoader->findTemplate('base.twig')
#1 C:\Users\Jeff\Local Sites\formassembly\app\public\wp-content\plugins\timber-library\vendor\twig\twig\src\Environment.php(351): Twig\Loader\FilesystemLoader->getCacheKey('base.twig')
#2 C:\Users\Jeff\Local Sites\formassembly\app\public\wp-content\plugins\timber-library\vendor\twig\twig\src\En in C:\Users\Jeff\Local Sites\formassembly\app\public\wp-content\plugins\timber-library\vendor\twig\twig\src\Loader\FilesystemLoader.php on line 265
[02-Jul-2022 20:38:58 UTC] PHP Fatal error:  Uncaught Twig\Error\LoaderError: Unable to find template "base.twig" (looked into: C:\Users\Jeff\Local Sites\formassembly\app\public\wp-content\themes\formassembly, C:\Users\Jeff\Local Sites\formassembly\app\public\wp-content\themes\formassembly\dist\templates, C:\Users\Jeff\Local Sites\formassembly\app\public\wp-content\themes\formassembly\dist, ) in "index.twig" at line 1. in C:\Users\Jeff\Local Sites\formassembly\app\public\wp-content\plugins\timber-library\vendor\twig\twig\src\Loader\FilesystemLoader.php:265
Stack trace:
#0 C:\Users\Jeff\Local Sites\formassembly\app\public\wp-content\plugins\timber-library\vendor\twig\twig\src\Loader\FilesystemLoader.php(161): Twig\Loader\FilesystemLoader->findTemplate('base.twig')
#1 C:\Users\Jeff\Local Sites\formassembly\app\public\wp-content\plugins\timber-library\vendor\twig\twig\src\Environment.php(351): Twig\Loader\FilesystemLoader->getCacheKey('base.twig')
#2 C:\Users\Jeff\Local Sites\formassembly\app\public\wp-content\plugins\timber-library\vendor\twig\twig\src\En in C:\Users\Jeff\Local Sites\formassembly\app\public\wp-content\plugins\timber-library\vendor\twig\twig\src\Loader\FilesystemLoader.php on line 265
[02-Jul-2022 20:39:28 UTC] PHP Fatal error:  Uncaught Twig\Error\LoaderError: Unable to find template "html-header.twig" (looked into: C:\Users\Jeff\Local Sites\formassembly\app\public\wp-content\themes\formassembly, C:\Users\Jeff\Local Sites\formassembly\app\public\wp-content\themes\formassembly\dist\templates, C:\Users\Jeff\Local Sites\formassembly\app\public\wp-content\themes\formassembly\dist, ) in "base.twig" at line 3. in C:\Users\Jeff\Local Sites\formassembly\app\public\wp-content\plugins\timber-library\vendor\twig\twig\src\Loader\FilesystemLoader.php:265
Stack trace:
#0 C:\Users\Jeff\Local Sites\formassembly\app\public\wp-content\plugins\timber-library\vendor\twig\twig\src\Loader\FilesystemLoader.php(161): Twig\Loader\FilesystemLoader->findTemplate('html-header.twi...')
#1 C:\Users\Jeff\Local Sites\formassembly\app\public\wp-content\plugins\timber-library\vendor\twig\twig\src\Environment.php(351): Twig\Loader\FilesystemLoader->getCacheKey('html-header.twi...')
#2 C:\Users\Jeff\Local Sites\formassembly\app\public\wp-content\plugins\timber-library in C:\Users\Jeff\Local Sites\formassembly\app\public\wp-content\plugins\timber-library\vendor\twig\twig\src\Loader\FilesystemLoader.php on line 265
[02-Jul-2022 20:39:58 UTC] PHP Fatal error:  Uncaught Twig\Error\LoaderError: Unable to find template "html-header.twig" (looked into: C:\Users\Jeff\Local Sites\formassembly\app\public\wp-content\themes\formassembly, C:\Users\Jeff\Local Sites\formassembly\app\public\wp-content\themes\formassembly\dist\templates, C:\Users\Jeff\Local Sites\formassembly\app\public\wp-content\themes\formassembly\dist, ) in "base.twig" at line 3. in C:\Users\Jeff\Local Sites\formassembly\app\public\wp-content\plugins\timber-library\vendor\twig\twig\src\Loader\FilesystemLoader.php:265
Stack trace:
#0 C:\Users\Jeff\Local Sites\formassembly\app\public\wp-content\plugins\timber-library\vendor\twig\twig\src\Loader\FilesystemLoader.php(161): Twig\Loader\FilesystemLoader->findTemplate('html-header.twi...')
#1 C:\Users\Jeff\Local Sites\formassembly\app\public\wp-content\plugins\timber-library\vendor\twig\twig\src\Environment.php(351): Twig\Loader\FilesystemLoader->getCacheKey('html-header.twi...')
#2 C:\Users\Jeff\Local Sites\formassembly\app\public\wp-content\plugins\timber-library in C:\Users\Jeff\Local Sites\formassembly\app\public\wp-content\plugins\timber-library\vendor\twig\twig\src\Loader\FilesystemLoader.php on line 265
[02-Jul-2022 21:02:06 UTC] PHP Fatal error:  Uncaught Twig\Error\SyntaxError: Unexpected "comment" tag (expecting closing tag for the "block" tag defined near line 4). in C:\Users\Jeff\Local Sites\formassembly\app\public\wp-content\themes\formassembly\dist\templates\index.twig:18
Stack trace:
#0 C:\Users\Jeff\Local Sites\formassembly\app\public\wp-content\plugins\timber-library\vendor\twig\twig\src\TokenParser\BlockTokenParser.php(47): Twig\Parser->subparse(Array, true)
#1 C:\Users\Jeff\Local Sites\formassembly\app\public\wp-content\plugins\timber-library\vendor\twig\twig\src\Parser.php(209): Twig\TokenParser\BlockTokenParser->parse(Object(Twig\Token))
#2 C:\Users\Jeff\Local Sites\formassembly\app\public\wp-content\plugins\timber-library\vendor\twig\twig\src\Parser.php(122): Twig\Parser->subparse(NULL, false)
#3 C:\Users\Jeff\Local Sites\formassembly\app\public\wp-content\plugins\timber-library\vendor\twig\twig\src\Environment.php(735): Twig\Parser->parse(Object(Twig\TokenStream))
#4 C:\Users\Jeff\Local Sites\formassembly\app\public\wp-content\plugins\t in C:\Users\Jeff\Local Sites\formassembly\app\public\wp-content\themes\formassembly\dist\templates\index.twig on line 18
[02-Jul-2022 23:52:55 UTC] PHP Fatal error:  Uncaught Twig\Error\SyntaxError: Unexpected "}". in C:\Users\Jeff\Local Sites\formassembly\app\public\wp-content\themes\formassembly\dist\templates\index.twig:27
Stack trace:
#0 C:\Users\Jeff\Local Sites\formassembly\app\public\wp-content\plugins\timber-library\vendor\twig\twig\src\Lexer.php(321): Twig\Lexer->lexExpression()
#1 C:\Users\Jeff\Local Sites\formassembly\app\public\wp-content\plugins\timber-library\vendor\twig\twig\src\Lexer.php(211): Twig\Lexer->lexVar()
#2 C:\Users\Jeff\Local Sites\formassembly\app\public\wp-content\plugins\timber-library\vendor\twig\twig\src\Environment.php(696): Twig\Lexer->tokenize(Object(Twig\Source))
#3 C:\Users\Jeff\Local Sites\formassembly\app\public\wp-content\plugins\timber-library\vendor\twig\twig\src\Environment.php(793): Twig\Environment->tokenize(Object(Twig\Source))
#4 C:\Users\Jeff\Local Sites\formassembly\app\public\wp-content\plugins\timber-library\vendor\twig\twig\src\Environment.php(482): Twig\Environment->compileSource(Object(Twig\Source))
#5 C:\Users\Jeff\Lo in C:\Users\Jeff\Local Sites\formassembly\app\public\wp-content\themes\formassembly\dist\templates\index.twig on line 27
